#
# There is insufficient memory for the Java Runtime Environment to continue.
# Native memory allocation (mmap) failed to map 268435456 bytes for Failed to commit area from 0x0000000701e00000 to 0x0000000711e00000 of length 268435456.
# Possible reasons:
#   The system is out of physical RAM or swap space
#   The process is running with CompressedOops enabled, and the Java Heap may be blocking the growth of the native heap
# Possible solutions:
#   Reduce memory load on the system
#   Increase physical memory or swap space
#   Check if swap backing store is full
#   Decrease Java heap size (-Xmx/-Xms)
#   Decrease number of Java threads
#   Decrease Java thread stack sizes (-Xss)
#   Set larger code cache with -XX:ReservedCodeCacheSize=
# This output file may be truncated or incomplete.
#
#  Out of Memory Error (c:/BuildAgent/work/5ff2f6c26000d570/src/hotspot/os/windows/os_windows.cpp:3281), pid=9764, tid=53796
#
# JRE version:  (11.0.4+10) (build )
# Java VM: OpenJDK 64-Bit Server VM (11.0.4+10-b304.77, mixed mode, aot, sharing, tiered, compressed oops, g1 gc, windows-amd64)
# No core dump will be written. Minidumps are not enabled by default on client versions of Windows
#

---------------  S U M M A R Y ------------

Command Line: -javaagent:C:\Program Files\JetBrains\IntelliJ IDEA 2019.2.2\lib\idea_rt.jar=58868:C:\Program Files\JetBrains\IntelliJ IDEA 2019.2.2\bin -Dfile.encoding=UTF-8 Main1

Host: Intel(R) Core(TM) i5-8400 CPU @ 2.80GHz, 6 cores, 15G,  Windows 10 , 64 bit Build 18362 (10.0.18362.329)
Time: Wed Nov  6 18:30:24 2019 ?D1¨²¡À¨º¡Á?¨º¡À?? elapsed time: 0 seconds (0d 0h 0m 0s)

---------------  T H R E A D  ---------------

Current thread (0x00000121a7eee000):  JavaThread "Unknown thread" [_thread_in_vm, id=53796, stack(0x0000001409900000,0x0000001409a00000)]

Stack: [0x0000001409900000,0x0000001409a00000]
Native frames: (J=compiled Java code, j=interpreted, Vv=VM code, C=native code)
V  [jvm.dll+0x5db31a]
V  [jvm.dll+0x70c395]
V  [jvm.dll+0x70d8b8]
V  [jvm.dll+0x70df83]
V  [jvm.dll+0x23dbb8]
V  [jvm.dll+0x5d8a74]
V  [jvm.dll+0x5cdb05]
V  [jvm.dll+0x2fa5bb]
V  [jvm.dll+0x2fa52a]
V  [jvm.dll+0x2fa402]
V  [jvm.dll+0x2ff2c6]
V  [jvm.dll+0x347893]
V  [jvm.dll+0x347f96]
V  [jvm.dll+0x347993]
V  [jvm.dll+0x2d4e28]
V  [jvm.dll+0x2d5fd7]
V  [jvm.dll+0x6eb717]
V  [jvm.dll+0x6ecf0c]
V  [jvm.dll+0x354fb9]
V  [jvm.dll+0x6d35be]
V  [jvm.dll+0x3bd673]
V  [jvm.dll+0x3bf9f1]
C  [java.exe+0x3763]
C  [java.exe+0x17a0c]
C  [KERNEL32.DLL+0x17bd4]
C  [ntdll.dll+0x6ced1]


---------------  P R O C E S S  ---------------

Threads class SMR info:
_java_thread_list=0x00000121a5d75e50, length=0, elements={
}

Java Threads: ( => current thread )

Other Threads:
  0x00000121a7f07800 GCTaskThread "GC Thread#0" [stack: 0x0000001409a00000,0x0000001409b00000] [id=44864]
  0x00000121a7f5f000 ConcurrentGCThread "G1 Main Marker" [stack: 0x0000001409b00000,0x0000001409c00000] [id=6408]
  0x00000121a7f61000 ConcurrentGCThread "G1 Conc#0" [stack: 0x0000001409c00000,0x0000001409d00000] [id=30196]

[error occurred during error reporting (printing all threads), id 0xc0000005, EXCEPTION_ACCESS_VIOLATION (0xc0000005) at pc=0x00007ffc791c5727]

VM state:not at safepoint (not fully initialized)

VM Mutex/Monitor currently owned by a thread:  ([mutex/lock_event])
[0x00000121a7eea550] Heap_lock - owner thread: 0x00000121a7eee000

Heap address: 0x0000000701e00000, size: 4066 MB, Compressed Oops mode: Non-zero based: 0x0000000701e00000
Narrow klass base: 0x0000000000000000, Narrow klass shift: 0

GC Heap History (0 events):
No events

Deoptimization events (0 events):
No events

Classes redefined (0 events):
No events

Internal exceptions (0 events):
No events

Events (0 events):
No events


Dynamic libraries:
0x00007ff6186b0000 - 0x00007ff6186f7000 	C:\Program Files\JetBrains\IntelliJ IDEA 2019.2.2\jbr\bin\java.exe
0x00007ffcac980000 - 0x00007ffcacb70000 	C:\WINDOWS\SYSTEM32\ntdll.dll
0x00007ffcab9e0000 - 0x00007ffcaba92000 	C:\WINDOWS\System32\KERNEL32.DLL
0x00007ffca9910000 - 0x00007ffca9bb3000 	C:\WINDOWS\System32\KERNELBASE.dll
0x00007ffcab300000 - 0x00007ffcab494000 	C:\WINDOWS\System32\USER32.dll
0x00007ffcaa900000 - 0x00007ffcaa921000 	C:\WINDOWS\System32\win32u.dll
0x00007ffcab920000 - 0x00007ffcab946000 	C:\WINDOWS\System32\GDI32.dll
0x00007ffcaa760000 - 0x00007ffcaa8f4000 	C:\WINDOWS\System32\gdi32full.dll
0x00007ffcaa610000 - 0x00007ffcaa6ae000 	C:\WINDOWS\System32\msvcp_win.dll
0x00007ffcaa930000 - 0x00007ffcaaa2a000 	C:\WINDOWS\System32\ucrtbase.dll
0x00007ffc9e6f0000 - 0x00007ffc9e975000 	C:\WINDOWS\WinSxS\amd64_microsoft.windows.common-controls_6595b64144ccf1df_6.0.18362.418_none_e6c6b287130d565d\COMCTL32.dll
0x00007ffcab730000 - 0x00007ffcab7ce000 	C:\WINDOWS\System32\msvcrt.dll
0x00007ffcaab90000 - 0x00007ffcaaec6000 	C:\WINDOWS\System32\combase.dll
0x00007ffcab4a0000 - 0x00007ffcab5c0000 	C:\WINDOWS\System32\RPCRT4.dll
0x00007ffca9bc0000 - 0x00007ffca9c40000 	C:\WINDOWS\System32\bcryptPrimitives.dll
0x00007ffcab2d0000 - 0x00007ffcab2fe000 	C:\WINDOWS\System32\IMM32.DLL
0x00007ffc97900000 - 0x00007ffc97917000 	C:\Program Files\JetBrains\IntelliJ IDEA 2019.2.2\jbr\bin\vcruntime140.dll
0x00007ffc830b0000 - 0x00007ffc8314d000 	C:\Program Files\JetBrains\IntelliJ IDEA 2019.2.2\jbr\bin\msvcp140.dll
0x00007ffc78ee0000 - 0x00007ffc79998000 	C:\Program Files\JetBrains\IntelliJ IDEA 2019.2.2\jbr\bin\server\jvm.dll
0x00007ffcaaae0000 - 0x00007ffcaab83000 	C:\WINDOWS\System32\ADVAPI32.dll
0x00007ffcabaa0000 - 0x00007ffcabb37000 	C:\WINDOWS\System32\sechost.dll
0x00007ffcab7d0000 - 0x00007ffcab7d8000 	C:\WINDOWS\System32\PSAPI.DLL
0x00007ffca7a00000 - 0x00007ffca7a09000 	C:\WINDOWS\SYSTEM32\WSOCK32.dll
0x00007ffca7390000 - 0x00007ffca73b4000 	C:\WINDOWS\SYSTEM32\WINMM.dll
0x00007ffcab970000 - 0x00007ffcab9df000 	C:\WINDOWS\System32\WS2_32.dll
0x00007ffca31f0000 - 0x00007ffca31fa000 	C:\WINDOWS\SYSTEM32\VERSION.dll
0x00007ffca7360000 - 0x00007ffca738d000 	C:\WINDOWS\SYSTEM32\winmmbase.dll
0x00007ffcaa6b0000 - 0x00007ffcaa6fa000 	C:\WINDOWS\System32\cfgmgr32.dll
0x00007ffca9860000 - 0x00007ffca9871000 	C:\WINDOWS\System32\kernel.appcore.dll
0x00007ffca79b0000 - 0x00007ffca79c1000 	C:\Program Files\JetBrains\IntelliJ IDEA 2019.2.2\jbr\bin\verify.dll
0x00007ffc97ee0000 - 0x00007ffc980d4000 	C:\WINDOWS\SYSTEM32\DBGHELP.DLL
0x00007ffc97da0000 - 0x00007ffc97dca000 	C:\WINDOWS\SYSTEM32\dbgcore.DLL
0x00007ffca7980000 - 0x00007ffca79a9000 	C:\Program Files\JetBrains\IntelliJ IDEA 2019.2.2\jbr\bin\java.dll
0x00007ffc961c0000 - 0x00007ffc961f4000 	C:\Program Files\JetBrains\IntelliJ IDEA 2019.2.2\jbr\bin\instrument.dll
0x00007ffca7960000 - 0x00007ffca7977000 	C:\Program Files\JetBrains\IntelliJ IDEA 2019.2.2\jbr\bin\zip.dll
0x00007ffca6320000 - 0x00007ffca632b000 	C:\Program Files\JetBrains\IntelliJ IDEA 2019.2.2\jbr\bin\jimage.dll

dbghelp: loaded successfully - version: 4.0.5 - missing functions: none
symbol engine: initialized successfully - sym options: 0x614 - pdb path: .;C:\Program Files\JetBrains\IntelliJ IDEA 2019.2.2\jbr\bin;C:\WINDOWS\SYSTEM32;C:\WINDOWS\WinSxS\amd64_microsoft.windows.common-controls_6595b64144ccf1df_6.0.18362.418_none_e6c6b287130d565d;C:\Program Files\JetBrains\IntelliJ IDEA 2019.2.2\jbr\bin\server

VM Arguments:
jvm_args: -javaagent:C:\Program Files\JetBrains\IntelliJ IDEA 2019.2.2\lib\idea_rt.jar=58868:C:\Program Files\JetBrains\IntelliJ IDEA 2019.2.2\bin -Dfile.encoding=UTF-8 
java_command: Main1
java_class_path (initial): D:\workspace\IntelliJ IDEA\LeetCode\target\classes;C:\Users\qimin\.m2\repository\org\apache\activemq\activemq-all\5.15.10\activemq-all-5.15.10.jar
Launcher Type: SUN_STANDARD

[Global flags]
     intx CICompilerCount                          = 3                                         {product} {ergonomic}
     uint ConcGCThreads                            = 2                                         {product} {ergonomic}
     uint G1ConcRefinementThreads                  = 6                                         {product} {ergonomic}
   size_t G1HeapRegionSize                         = 1048576                                   {product} {ergonomic}
    uintx GCDrainStackTargetSize                   = 64                                        {product} {ergonomic}
   size_t InitialHeapSize                          = 268435456                                 {product} {ergonomic}
   size_t MarkStackSize                            = 4194304                                   {product} {ergonomic}
   size_t MaxHeapSize                              = 4263510016                                {product} {ergonomic}
   size_t MinHeapDeltaBytes                        = 1048576                                   {product} {ergonomic}
    uintx NonNMethodCodeHeapSize                   = 5830092                                {pd product} {ergonomic}
    uintx NonProfiledCodeHeapSize                  = 122914074                              {pd product} {ergonomic}
    uintx ProfiledCodeHeapSize                     = 122914074                              {pd product} {ergonomic}
    uintx ReservedCodeCacheSize                    = 251658240                              {pd product} {ergonomic}
     bool SegmentedCodeCache                       = true                                      {product} {ergonomic}
     bool UseCompressedClassPointers               = true                                 {lp64_product} {ergonomic}
     bool UseCompressedOops                        = true                                 {lp64_product} {ergonomic}
     bool UseG1GC                                  = true                                      {product} {ergonomic}
     bool UseLargePagesIndividualAllocation        = false                                  {pd product} {ergonomic}

Logging:
Log output configuration:
 #0: stdout all=warning uptime,level,tags
 #1: stderr all=off uptime,level,tags

Environment Variables:
CLASSPATH=.;C:\program1\Java\jdk1.8.0_172\lib;C:\program1\Java\jdk1.8.0_172\lib\tools.jar;
PATH=C:\Program Files\NVIDIA GPU Computing Toolkit\CUDA\v9.0\bin;C:\Program Files\NVIDIA GPU Computing Toolkit\CUDA\v9.0\libnvvp;C:\Program Files (x86)\Common Files\Oracle\Java\javapath;C:\Program Files (x86)\Intel\Intel(R) Management Engine Components\iCLS\;C:\Program Files\Intel\Intel(R) Management Engine Components\iCLS\;C:\windows\system32;C:\windows;C:\windows\System32\Wbem;C:\windows\System32\WindowsPowerShell\v1.0\;C:\Program Files (x86)\Intel\Intel(R) Management Engine Components\DAL;C:\Program Files\Intel\Intel(R) Management Engine Components\DAL;C:\Program Files (x86)\Intel\Intel(R) Management Engine Components\IPT;C:\Program Files\Intel\Intel(R) Management Engine Components\IPT;C:\Program Files (x86)\NVIDIA Corporation\PhysX\Common;C:\program1\Git\cmd;C:\Program Files\nodejs\;C:\WINDOWS\system32;C:\WINDOWS;C:\WINDOWS\System32\Wbem;C:\WINDOWS\System32\WindowsPowerShell\v1.0\;C:\WINDOWS\System32\OpenSSH\;;C:\program1\Microsoft VS Code\bin;C:\Go\bin;C:\program1\Python\Python37\Scripts\;C:\program1\Python\Python37\;C:\program1\Python\Python37-32\Scripts\;C:\program1\Python\Python37-32\;C:\Program Files\MySQL\MySQL Shell 8.0\bin\;C:\Program Files\MySQL\MySQL Server 8.0\bin;C:\program1\redis;C:\program1\erl10.4\bin;C:\program1\RabbitMQ Server\rabbitmq_server-3.7.15\sbin;C:\program1\Java\jdk1.8.0_172\bin;;C:\Users\qimin\AppData\Local\Microsoft\WindowsApps;C:\Program Files\JetBrains\IntelliJ IDEA 2019.2.2\bin;;C:\Users\qimin\go\bin;C:\program1\JetBrains\GoLand 2019.2.2\bin;
USERNAME=qimin
OS=Windows_NT
PROCESSOR_IDENTIFIER=Intel64 Family 6 Model 158 Stepping 10, GenuineIntel



---------------  S Y S T E M  ---------------

OS: Windows 10 , 64 bit Build 18362 (10.0.18362.329)

CPU:total 6 (initial active 6) (6 cores per cpu, 1 threads per core) family 6 model 158 stepping 10, cmov, cx8, fxsr, mmx, sse, sse2, sse3, ssse3, sse4.1, sse4.2, popcnt, avx, avx2, aes, clmul, erms, 3dnowpref, lzcnt, tsc, tscinvbit, bmi1, bmi2, adx, fma

Memory: 4k page, system-wide physical 16263M (4332M free)
TotalPageFile size 31369M (AvailPageFile size 106M)
current process WorkingSet (physical memory assigned to process): 10M, peak: 10M
current process commit charge ("private bytes"): 56M, peak: 312M

vm_info: OpenJDK 64-Bit Server VM (11.0.4+10-b304.77) for windows-amd64 JRE (11.0.4+10-b304.77), built on Oct 10 2019 15:02:36 by "" with MS VC++ 14.0 (VS2015)

END.
